mode: set
go-tour/businesses/savedplace/usecase.go:15.96,20.2 1 0
go-tour/businesses/savedplace/usecase.go:22.91,24.16 2 0
go-tour/businesses/savedplace/usecase.go:27.2,27.24 1 0
go-tour/businesses/savedplace/usecase.go:24.16,26.3 1 0
go-tour/businesses/savedplace/usecase.go:30.81,32.16 2 0
go-tour/businesses/savedplace/usecase.go:35.2,35.25 1 0
go-tour/businesses/savedplace/usecase.go:32.16,34.3 1 0
go-tour/businesses/savedplace/usecase.go:38.89,40.16 2 0
go-tour/businesses/savedplace/usecase.go:43.2,43.13 1 0
go-tour/businesses/savedplace/usecase.go:46.2,46.24 1 0
go-tour/businesses/savedplace/usecase.go:40.16,42.3 1 0
go-tour/businesses/savedplace/usecase.go:43.13,45.3 1 0
go-tour/businesses/savedplace/usecase.go:49.103,52.16 3 0
go-tour/businesses/savedplace/usecase.go:55.2,55.24 1 0
go-tour/businesses/savedplace/usecase.go:52.16,54.3 1 0
go-tour/businesses/savedplace/usecase.go:58.81,60.16 2 0
go-tour/businesses/savedplace/usecase.go:63.2,63.12 1 0
go-tour/businesses/savedplace/usecase.go:60.16,62.3 1 0
go-tour/businesses/users/usecase.go:21.110,27.2 1 1
go-tour/businesses/users/usecase.go:29.94,30.24 1 1
go-tour/businesses/users/usecase.go:33.2,33.23 1 1
go-tour/businesses/users/usecase.go:36.2,36.27 1 1
go-tour/businesses/users/usecase.go:39.2,40.16 2 1
go-tour/businesses/users/usecase.go:43.2,46.16 3 1
go-tour/businesses/users/usecase.go:50.2,50.18 1 1
go-tour/businesses/users/usecase.go:30.24,32.3 1 1
go-tour/businesses/users/usecase.go:33.23,35.3 1 1
go-tour/businesses/users/usecase.go:36.27,38.3 1 0
go-tour/businesses/users/usecase.go:40.16,42.3 1 0
go-tour/businesses/users/usecase.go:46.16,48.3 1 0
go-tour/businesses/users/usecase.go:53.114,55.17 1 1
go-tour/businesses/users/usecase.go:58.2,58.20 1 1
go-tour/businesses/users/usecase.go:63.2,64.16 2 1
go-tour/businesses/users/usecase.go:68.2,69.16 2 1
go-tour/businesses/users/usecase.go:73.2,74.21 2 1
go-tour/businesses/users/usecase.go:77.2,77.17 1 1
go-tour/businesses/users/usecase.go:80.2,80.25 1 1
go-tour/businesses/users/usecase.go:55.17,57.3 1 1
go-tour/businesses/users/usecase.go:58.20,61.3 1 1
go-tour/businesses/users/usecase.go:64.16,66.3 1 1
go-tour/businesses/users/usecase.go:69.16,71.3 1 1
go-tour/businesses/users/usecase.go:74.21,76.3 1 0
go-tour/businesses/users/usecase.go:77.17,79.3 1 0
go-tour/businesses/users/usecase.go:83.109,84.17 1 1
go-tour/businesses/users/usecase.go:87.2,87.20 1 1
go-tour/businesses/users/usecase.go:91.2,92.16 2 0
go-tour/businesses/users/usecase.go:95.2,96.16 2 0
go-tour/businesses/users/usecase.go:99.2,99.19 1 0
go-tour/businesses/users/usecase.go:84.17,86.3 1 1
go-tour/businesses/users/usecase.go:87.20,90.3 1 1
go-tour/businesses/users/usecase.go:92.16,94.3 1 0
go-tour/businesses/users/usecase.go:96.16,98.3 1 0
go-tour/businesses/users/usecase.go:103.90,104.17 1 1
go-tour/businesses/users/usecase.go:107.2,108.16 2 1
go-tour/businesses/users/usecase.go:111.2,111.19 1 1
go-tour/businesses/users/usecase.go:104.17,106.3 1 1
go-tour/businesses/users/usecase.go:108.16,110.3 1 0
go-tour/businesses/users/usecase.go:114.82,116.16 2 1
go-tour/businesses/users/usecase.go:119.2,119.13 1 1
go-tour/businesses/users/usecase.go:122.2,122.18 1 1
go-tour/businesses/users/usecase.go:116.16,118.3 1 1
go-tour/businesses/users/usecase.go:119.13,121.3 1 1
go-tour/businesses/users/usecase.go:125.79,127.16 2 1
go-tour/businesses/users/usecase.go:130.2,130.18 1 1
go-tour/businesses/users/usecase.go:127.16,129.3 1 1
go-tour/businesses/users/usecase.go:133.104,136.16 3 1
go-tour/businesses/users/usecase.go:139.2,139.18 1 1
go-tour/businesses/users/usecase.go:136.16,138.3 1 1
go-tour/businesses/users/usecase.go:143.79,145.16 2 1
go-tour/businesses/users/usecase.go:148.2,148.12 1 1
go-tour/businesses/users/usecase.go:145.16,147.3 1 1
